<?xml version="1.0" encoding="UTF-8"?>
<testng-results ignored="0" total="2" passed="2" failed="0" skipped="0">
  <reporter-output>
  </reporter-output>
  <suite started-at="2023-04-12T11:44:29 IST" name="Default suite" finished-at="2023-04-12T11:44:29 IST" duration-ms="50">
    <groups>
    </groups>
    <test started-at="2023-04-12T11:44:29 IST" name="Default test" finished-at="2023-04-12T11:44:29 IST" duration-ms="50">
      <class name="sample.demo">
        <test-method signature="demo1()[pri:0, instance:sample.demo@3bf9ce3e]" started-at="2023-04-12T11:44:29 IST" name="demo1" finished-at="2023-04-12T11:44:29 IST" duration-ms="12" status="PASS">
          <reporter-output>
          </reporter-output>
        </test-method> <!-- demo1 -->
        <test-method signature="demoo()[pri:0, instance:sample.demo@3bf9ce3e]" started-at="2023-04-12T11:44:29 IST" name="demoo" finished-at="2023-04-12T11:44:29 IST" duration-ms="1" status="PASS">
          <reporter-output>
          </reporter-output>
        </test-method> <!-- demoo -->
      </class> <!-- sample.demo -->
    </test> <!-- Default test -->
  </suite> <!-- Default suite -->
</testng-results>
